\BOOKMARK [1][-]{section.1}{Introduction}{}% 1
\BOOKMARK [2][-]{subsection.1.1}{Purpose}{section.1}% 2
\BOOKMARK [2][-]{subsection.1.2}{Document Conventions}{section.1}% 3
\BOOKMARK [2][-]{subsection.1.3}{Intended Audience and Reading Suggestions}{section.1}% 4
\BOOKMARK [2][-]{subsection.1.4}{Product Scope}{section.1}% 5
\BOOKMARK [2][-]{subsection.1.5}{References}{section.1}% 6
\BOOKMARK [1][-]{section.2}{Overall Description}{}% 7
\BOOKMARK [2][-]{subsection.2.1}{Product Perspective}{section.2}% 8
\BOOKMARK [2][-]{subsection.2.2}{Product Functions}{section.2}% 9
\BOOKMARK [2][-]{subsection.2.3}{User Classes and Characteristics}{section.2}% 10
\BOOKMARK [2][-]{subsection.2.4}{Operating Environment}{section.2}% 11
\BOOKMARK [2][-]{subsection.2.5}{Design and Implementation Constraints}{section.2}% 12
\BOOKMARK [2][-]{subsection.2.6}{User Documentation}{section.2}% 13
\BOOKMARK [2][-]{subsection.2.7}{Assumptions and Dependencies}{section.2}% 14
\BOOKMARK [1][-]{section.3}{External Interface Requirements}{}% 15
\BOOKMARK [2][-]{subsection.3.1}{User Interfaces}{section.3}% 16
\BOOKMARK [2][-]{subsection.3.2}{Hardware Interfaces}{section.3}% 17
\BOOKMARK [2][-]{subsection.3.3}{Software Interfaces}{section.3}% 18
\BOOKMARK [2][-]{subsection.3.4}{Communication Interfaces}{section.3}% 19
\BOOKMARK [1][-]{section.4}{System Features}{}% 20
\BOOKMARK [2][-]{subsection.4.1}{Bugs}{section.4}% 21
\BOOKMARK [2][-]{subsection.4.2}{Project}{section.4}% 22
\BOOKMARK [2][-]{subsection.4.3}{Log-in}{section.4}% 23
\BOOKMARK [1][-]{section.5}{Other Nonfunctional Requirements}{}% 24
\BOOKMARK [2][-]{subsection.5.1}{Performance Requirements}{section.5}% 25
\BOOKMARK [2][-]{subsection.5.2}{Safety Requirements}{section.5}% 26
\BOOKMARK [2][-]{subsection.5.3}{Security Requirements}{section.5}% 27
\BOOKMARK [2][-]{subsection.5.4}{Software Quality Attributes}{section.5}% 28
\BOOKMARK [2][-]{subsection.5.5}{Business Rules}{section.5}% 29
\BOOKMARK [1][-]{section.6}{Other Requirements}{}% 30
\BOOKMARK [2][-]{subsection.6.1}{Glossary}{section.6}% 31
\BOOKMARK [2][-]{subsection.6.2}{Analysis Models}{section.6}% 32
\BOOKMARK [2][-]{subsection.6.3}{To Be Determined List}{section.6}% 33
